<?xml version="1.0" encoding="UTF-8"?>
<!-- Generated by org.testng.reporters.JUnitReportReporter -->
<testsuite hostname="LAPTOP-J2H72JVH" failures="0" tests="2" name="MiniProjectFrame.ClickingOnDynamicElement" time="8.106" errors="0" timestamp="2024-08-06T22:50:53 IST" skipped="1">
  <testcase classname="MiniProjectFrame.ClickingOnDynamicElement" name="launchURL" time="8.106"/>
  <testcase classname="MiniProjectFrame.ClickingOnDynamicElement" name="testme">
    <skipped/>
  </testcase> <!-- testme -->
</testsuite> <!-- MiniProjectFrame.ClickingOnDynamicElement -->
